<?xml version="1.0" encoding="UTF-8"?>
<testng-results skipped="0" failed="0" ignored="0" total="1" passed="1">
  <reporter-output>
  </reporter-output>
  <suite name="Suite" duration-ms="36099" started-at="2020-09-05T09:35:28Z" finished-at="2020-09-05T09:36:04Z">
    <groups>
    </groups>
    <test name="TestBookAPI" duration-ms="36099" started-at="2020-09-05T09:35:28Z" finished-at="2020-09-05T09:36:04Z">
      <class name="com.ak.scripts.TestBookAPI">
        <test-method status="PASS" signature="testBookByIsbnAPI()[pri:1, instance:com.ak.scripts.TestBookAPI@23529fee]" name="testBookByIsbnAPI" duration-ms="36081" started-at="2020-09-05T15:05:28Z" finished-at="2020-09-05T15:06:04Z">
          <reporter-output>
          </reporter-output>
        </test-method> <!-- testBookByIsbnAPI -->
      </class> <!-- com.ak.scripts.TestBookAPI -->
    </test> <!-- TestBookAPI -->
  </suite> <!-- Suite -->
</testng-results>
